TN:
SF:controllers\authcontroller.js
FN:23,generateOTP
FN:28,sanitizeUser
FN:35,getDashboardRoute
FN:53,register
FN:113,loginVerify
FN:141,socialLogin
FN:174,sendOTP
FN:211,verifyOTP
FN:230,resetPassword
FN:251,getProfile
FN:261,updateUserRoles
FN:278,findUser
FN:310,checkAvailability
FNF:13
FNH:5
FNDA:0,generateOTP
FNDA:2,sanitizeUser
FNDA:2,getDashboardRoute
FNDA:3,register
FNDA:5,loginVerify
FNDA:0,socialLogin
FNDA:0,sendOTP
FNDA:0,verifyOTP
FNDA:0,resetPassword
FNDA:0,getProfile
FNDA:0,updateUserRoles
FNDA:0,findUser
FNDA:1,checkAvailability
DA:6,1
DA:7,1
DA:8,1
DA:11,1
DA:14,1
DA:24,0
DA:29,2
DA:30,2
DA:31,2
DA:36,2
DA:37,2
DA:38,2
DA:39,2
DA:40,0
DA:42,2
DA:43,2
DA:44,0
DA:47,1
DA:54,3
DA:60,3
DA:64,3
DA:65,1
DA:67,2
DA:68,2
DA:71,2
DA:72,2
DA:73,1
DA:77,1
DA:93,1
DA:95,1
DA:102,0
DA:103,0
DA:104,0
DA:106,0
DA:114,5
DA:115,5
DA:116,5
DA:118,4
DA:119,3
DA:121,3
DA:122,2
DA:124,1
DA:126,1
DA:133,1
DA:134,1
DA:142,0
DA:143,0
DA:144,0
DA:145,0
DA:147,0
DA:148,0
DA:157,0
DA:159,0
DA:166,0
DA:167,0
DA:175,0
DA:176,0
DA:177,0
DA:180,0
DA:181,0
DA:183,0
DA:184,0
DA:186,0
DA:204,0
DA:206,0
DA:207,0
DA:212,0
DA:213,0
DA:214,0
DA:216,0
DA:217,0
DA:218,0
DA:219,0
DA:221,0
DA:223,0
DA:224,0
DA:226,0
DA:231,0
DA:232,0
DA:233,0
DA:235,0
DA:237,0
DA:238,0
DA:239,0
DA:241,0
DA:243,0
DA:244,0
DA:252,0
DA:253,0
DA:254,0
DA:255,0
DA:257,0
DA:262,0
DA:263,0
DA:264,0
DA:266,0
DA:267,0
DA:269,0
DA:271,0
DA:279,0
DA:280,0
DA:281,0
DA:283,0
DA:284,0
DA:285,0
DA:286,0
DA:287,0
DA:288,0
DA:289,0
DA:291,0
DA:292,0
DA:293,0
DA:294,0
DA:295,0
DA:299,0
DA:306,0
DA:311,1
DA:312,1
DA:313,1
DA:314,1
DA:315,1
DA:317,1
DA:318,0
DA:319,0
DA:321,1
DA:322,0
DA:323,0
DA:325,1
DA:327,0
DA:331,1
LF:130
LH:47
BRDA:29,0,0,0
BRDA:29,0,1,2
BRDA:36,1,0,2
BRDA:36,1,1,0
BRDA:37,2,0,0
BRDA:37,2,1,2
BRDA:37,3,0,2
BRDA:37,3,1,2
BRDA:38,4,0,0
BRDA:38,4,1,2
BRDA:39,5,0,0
BRDA:39,5,1,2
BRDA:40,6,0,0
BRDA:40,6,1,0
BRDA:42,7,0,0
BRDA:42,7,1,2
BRDA:43,8,0,2
BRDA:43,8,1,0
BRDA:64,9,0,1
BRDA:64,9,1,2
BRDA:72,10,0,1
BRDA:72,10,1,1
BRDA:78,11,0,1
BRDA:78,11,1,0
BRDA:78,11,2,0
BRDA:79,12,0,1
BRDA:79,12,1,0
BRDA:80,13,0,1
BRDA:80,13,1,0
BRDA:81,14,0,1
BRDA:81,14,1,0
BRDA:82,15,0,1
BRDA:82,15,1,0
BRDA:83,16,0,1
BRDA:83,16,1,1
BRDA:84,17,0,1
BRDA:84,17,1,1
BRDA:85,18,0,1
BRDA:85,18,1,1
BRDA:86,19,0,1
BRDA:86,19,1,1
BRDA:87,20,0,1
BRDA:87,20,1,0
BRDA:89,21,0,1
BRDA:89,21,1,1
BRDA:93,22,0,1
BRDA:93,22,1,0
BRDA:99,23,0,1
BRDA:99,23,1,0
BRDA:103,24,0,0
BRDA:103,24,1,0
BRDA:103,25,0,0
BRDA:103,25,1,0
BRDA:116,26,0,1
BRDA:116,26,1,4
BRDA:121,27,0,1
BRDA:121,27,1,2
BRDA:122,28,0,1
BRDA:122,28,1,1
BRDA:147,29,0,0
BRDA:147,29,1,0
BRDA:149,30,0,0
BRDA:149,30,1,0
BRDA:150,31,0,0
BRDA:150,31,1,0
BRDA:177,32,0,0
BRDA:177,32,1,0
BRDA:181,33,0,0
BRDA:181,33,1,0
BRDA:216,34,0,0
BRDA:216,34,1,0
BRDA:217,35,0,0
BRDA:217,35,1,0
BRDA:221,36,0,0
BRDA:221,36,1,0
BRDA:235,37,0,0
BRDA:235,37,1,0
BRDA:235,38,0,0
BRDA:235,38,1,0
BRDA:254,39,0,0
BRDA:254,39,1,0
BRDA:264,40,0,0
BRDA:264,40,1,0
BRDA:283,41,0,0
BRDA:283,41,1,0
BRDA:285,42,0,0
BRDA:285,42,1,0
BRDA:287,43,0,0
BRDA:287,43,1,0
BRDA:291,44,0,0
BRDA:291,44,1,0
BRDA:293,45,0,0
BRDA:293,45,1,0
BRDA:302,46,0,0
BRDA:302,46,1,0
BRDA:303,47,0,0
BRDA:303,47,1,0
BRDA:313,48,0,1
BRDA:313,48,1,0
BRDA:315,49,0,0
BRDA:315,49,1,1
BRDA:317,50,0,0
BRDA:317,50,1,1
BRDA:319,51,0,0
BRDA:319,51,1,0
BRDA:321,52,0,0
BRDA:321,52,1,1
BRDA:323,53,0,0
BRDA:323,53,1,0
BRF:109
BRH:41
end_of_record
TN:
SF:controllers\chatbotController.js
FN:1,(anonymous_0)
FNF:1
FNH:0
FNDA:0,(anonymous_0)
DA:1,1
DA:2,0
DA:3,0
DA:4,0
DA:5,0
DA:8,0
DA:23,0
DA:25,0
DA:26,0
DA:28,0
DA:29,0
DA:32,0
DA:33,0
DA:37,1
LF:14
LH:2
BRDA:4,0,0,0
BRDA:4,0,1,0
BRDA:15,1,0,0
BRDA:15,1,1,0
BRDA:25,2,0,0
BRDA:25,2,1,0
BRDA:25,3,0,0
BRDA:25,3,1,0
BRF:8
BRH:0
end_of_record
TN:
SF:controllers\expertControllers.js
FN:4,getDashboardStats
FN:12,(anonymous_1)
FN:15,(anonymous_2)
FN:25,(anonymous_3)
FN:29,(anonymous_4)
FN:32,(anonymous_5)
FN:41,(anonymous_6)
FN:60,getConsultations
FN:69,(anonymous_8)
FN:76,updateConsultationStatus
FN:95,getQuestions
FN:102,(anonymous_11)
FN:109,replyToQuestion
FN:146,getArticles
FN:155,(anonymous_14)
FN:162,createArticle
FN:190,updateArticle
FN:209,deleteArticle
FN:221,getProfile
FN:235,updateProfile
FNF:20
FNH:0
FNDA:0,getDashboardStats
FNDA:0,(anonymous_1)
FNDA:0,(anonymous_2)
FNDA:0,(anonymous_3)
FNDA:0,(anonymous_4)
FNDA:0,(anonymous_5)
FNDA:0,(anonymous_6)
FNDA:0,getConsultations
FNDA:0,(anonymous_8)
FNDA:0,updateConsultationStatus
FNDA:0,getQuestions
FNDA:0,(anonymous_11)
FNDA:0,replyToQuestion
FNDA:0,getArticles
FNDA:0,(anonymous_14)
FNDA:0,createArticle
FNDA:0,updateArticle
FNDA:0,deleteArticle
FNDA:0,getProfile
FNDA:0,updateProfile
DA:1,1
DA:5,0
DA:6,0
DA:7,0
DA:12,0
DA:14,0
DA:15,0
DA:16,0
DA:17,0
DA:24,0
DA:26,0
DA:27,0
DA:29,0
DA:32,0
DA:35,0
DA:41,0
DA:43,0
DA:54,0
DA:55,0
DA:61,0
DA:62,0
DA:63,0
DA:69,0
DA:71,0
DA:72,0
DA:77,0
DA:78,0
DA:80,0
DA:81,0
DA:82,0
DA:85,0
DA:86,0
DA:87,0
DA:89,0
DA:90,0
DA:96,0
DA:97,0
DA:102,0
DA:104,0
DA:105,0
DA:110,0
DA:111,0
DA:113,0
DA:114,0
DA:117,0
DA:118,0
DA:121,0
DA:133,0
DA:138,0
DA:140,0
DA:141,0
DA:147,0
DA:148,0
DA:149,0
DA:155,0
DA:157,0
DA:158,0
DA:163,0
DA:165,0
DA:166,0
DA:169,0
DA:170,0
DA:172,0
DA:183,0
DA:185,0
DA:186,0
DA:191,0
DA:192,0
DA:194,0
DA:195,0
DA:197,0
DA:202,0
DA:204,0
DA:205,0
DA:210,0
DA:211,0
DA:212,0
DA:213,0
DA:215,0
DA:216,0
DA:222,0
DA:223,0
DA:224,0
DA:225,0
DA:226,0
DA:228,0
DA:230,0
DA:231,0
DA:236,0
DA:240,0
DA:242,0
DA:243,0
DA:252,0
DA:254,0
DA:255,0
DA:259,1
LF:96
LH:2
BRDA:18,0,0,0
BRDA:18,0,1,0
BRDA:18,0,2,0
BRDA:27,1,0,0
BRDA:27,1,1,0
BRDA:27,1,2,0
BRDA:81,2,0,0
BRDA:81,2,1,0
BRDA:113,3,0,0
BRDA:113,3,1,0
BRDA:165,4,0,0
BRDA:165,4,1,0
BRDA:165,5,0,0
BRDA:165,5,1,0
BRDA:175,6,0,0
BRDA:175,6,1,0
BRDA:225,7,0,0
BRDA:225,7,1,0
BRF:18
BRH:0
end_of_record
TN:
SF:controllers\farmerController.js
FN:17,(anonymous_0)
FN:32,(anonymous_1)
FN:51,(anonymous_2)
FN:63,(anonymous_3)
FN:100,(anonymous_4)
FN:121,(anonymous_5)
FN:142,(anonymous_6)
FN:154,(anonymous_7)
FN:182,(anonymous_8)
FN:194,(anonymous_9)
FN:203,(anonymous_10)
FN:217,(anonymous_11)
FN:230,(anonymous_12)
FN:245,(anonymous_13)
FN:254,(anonymous_14)
FN:268,(anonymous_15)
FN:281,(anonymous_16)
FN:296,(anonymous_17)
FN:305,(anonymous_18)
FN:316,(anonymous_19)
FN:325,(anonymous_20)
FN:338,(anonymous_21)
FN:347,(anonymous_22)
FN:362,(anonymous_23)
FN:387,(anonymous_24)
FN:391,(anonymous_25)
FN:398,(anonymous_26)
FN:423,(anonymous_27)
FN:436,(anonymous_28)
FN:449,(anonymous_29)
FN:462,(anonymous_30)
FNF:31
FNH:0
FNDA:0,(anonymous_0)
FNDA:0,(anonymous_1)
FNDA:0,(anonymous_2)
FNDA:0,(anonymous_3)
FNDA:0,(anonymous_4)
FNDA:0,(anonymous_5)
FNDA:0,(anonymous_6)
FNDA:0,(anonymous_7)
FNDA:0,(anonymous_8)
FNDA:0,(anonymous_9)
FNDA:0,(anonymous_10)
FNDA:0,(anonymous_11)
FNDA:0,(anonymous_12)
FNDA:0,(anonymous_13)
FNDA:0,(anonymous_14)
FNDA:0,(anonymous_15)
FNDA:0,(anonymous_16)
FNDA:0,(anonymous_17)
FNDA:0,(anonymous_18)
FNDA:0,(anonymous_19)
FNDA:0,(anonymous_20)
FNDA:0,(anonymous_21)
FNDA:0,(anonymous_22)
FNDA:0,(anonymous_23)
FNDA:0,(anonymous_24)
FNDA:0,(anonymous_25)
FNDA:0,(anonymous_26)
FNDA:0,(anonymous_27)
FNDA:0,(anonymous_28)
FNDA:0,(anonymous_29)
FNDA:0,(anonymous_30)
DA:5,1
DA:6,1
DA:7,1
DA:8,1
DA:9,1
DA:10,1
DA:11,1
DA:12,1
DA:17,1
DA:18,0
DA:19,0
DA:20,0
DA:21,0
DA:23,0
DA:25,0
DA:32,1
DA:33,0
DA:34,0
DA:41,0
DA:42,0
DA:44,0
DA:51,1
DA:52,0
DA:53,0
DA:54,0
DA:56,0
DA:63,1
DA:64,0
DA:65,0
DA:68,0
DA:69,0
DA:71,0
DA:72,0
DA:74,0
DA:75,0
DA:78,0
DA:80,0
DA:89,0
DA:90,0
DA:92,0
DA:93,0
DA:100,1
DA:101,0
DA:103,0
DA:104,0
DA:105,0
DA:107,0
DA:108,0
DA:110,0
DA:111,0
DA:113,0
DA:114,0
DA:121,1
DA:122,0
DA:124,0
DA:125,0
DA:126,0
DA:128,0
DA:129,0
DA:131,0
DA:132,0
DA:134,0
DA:135,0
DA:142,1
DA:143,0
DA:144,0
DA:145,0
DA:147,0
DA:154,1
DA:155,0
DA:156,0
DA:157,0
DA:158,0
DA:160,0
DA:163,0
DA:164,0
DA:165,0
DA:173,0
DA:175,0
DA:182,1
DA:183,0
DA:184,0
DA:185,0
DA:187,0
DA:194,1
DA:195,0
DA:196,0
DA:197,0
DA:199,0
DA:203,1
DA:204,0
DA:205,0
DA:206,0
DA:207,0
DA:209,0
DA:210,0
DA:211,0
DA:213,0
DA:217,1
DA:218,0
DA:219,0
DA:220,0
DA:221,0
DA:223,0
DA:224,0
DA:226,0
DA:230,1
DA:231,0
DA:232,0
DA:233,0
DA:234,0
DA:236,0
DA:237,0
DA:239,0
DA:245,1
DA:246,0
DA:247,0
DA:248,0
DA:250,0
DA:254,1
DA:255,0
DA:256,0
DA:257,0
DA:258,0
DA:260,0
DA:261,0
DA:262,0
DA:264,0
DA:268,1
DA:269,0
DA:270,0
DA:271,0
DA:272,0
DA:274,0
DA:275,0
DA:277,0
DA:281,1
DA:282,0
DA:283,0
DA:284,0
DA:285,0
DA:287,0
DA:288,0
DA:290,0
DA:296,1
DA:297,0
DA:298,0
DA:299,0
DA:301,0
DA:305,1
DA:306,0
DA:307,0
DA:308,0
DA:310,0
DA:316,1
DA:317,0
DA:318,0
DA:319,0
DA:321,0
DA:325,1
DA:326,0
DA:327,0
DA:328,0
DA:330,0
DA:336,1
DA:338,1
DA:339,0
DA:340,0
DA:341,0
DA:343,0
DA:347,1
DA:348,0
DA:349,0
DA:350,0
DA:352,0
DA:358,1
DA:359,1
DA:360,1
DA:362,1
DA:363,0
DA:364,0
DA:367,0
DA:368,0
DA:369,0
DA:377,0
DA:379,0
DA:385,1
DA:387,1
DA:388,0
DA:389,0
DA:390,0
DA:391,0
DA:392,0
DA:394,0
DA:398,1
DA:399,0
DA:400,0
DA:406,0
DA:407,0
DA:415,0
DA:417,0
DA:423,1
DA:424,0
DA:425,0
DA:426,0
DA:428,0
DA:434,1
DA:436,1
DA:437,0
DA:438,0
DA:443,0
DA:445,0
DA:449,1
DA:450,0
DA:451,0
DA:456,0
DA:458,0
DA:462,1
DA:463,0
DA:464,0
DA:465,0
DA:467,0
LF:222
LH:44
BRDA:20,0,0,0
BRDA:20,0,1,0
BRDA:36,1,0,0
BRDA:36,1,1,0
BRDA:68,2,0,0
BRDA:68,2,1,0
BRDA:68,3,0,0
BRDA:68,3,1,0
BRDA:68,3,2,0
BRDA:71,4,0,0
BRDA:71,4,1,0
BRDA:71,5,0,0
BRDA:71,5,1,0
BRDA:71,5,2,0
BRDA:71,5,3,0
BRDA:74,6,0,0
BRDA:74,6,1,0
BRDA:74,7,0,0
BRDA:74,7,1,0
BRDA:74,7,2,0
BRDA:74,7,3,0
BRDA:84,8,0,0
BRDA:84,8,1,0
BRDA:85,9,0,0
BRDA:85,9,1,0
BRDA:86,10,0,0
BRDA:86,10,1,0
BRDA:87,11,0,0
BRDA:87,11,1,0
BRDA:104,12,0,0
BRDA:104,12,1,0
BRDA:107,13,0,0
BRDA:107,13,1,0
BRDA:125,14,0,0
BRDA:125,14,1,0
BRDA:128,15,0,0
BRDA:128,15,1,0
BRDA:163,16,0,0
BRDA:163,16,1,0
BRDA:163,17,0,0
BRDA:163,17,1,0
BRDA:206,18,0,0
BRDA:206,18,1,0
BRDA:206,19,0,0
BRDA:206,19,1,0
BRDA:220,20,0,0
BRDA:220,20,1,0
BRDA:220,21,0,0
BRDA:220,21,1,0
BRDA:233,22,0,0
BRDA:233,22,1,0
BRDA:233,23,0,0
BRDA:233,23,1,0
BRDA:257,24,0,0
BRDA:257,24,1,0
BRDA:257,25,0,0
BRDA:257,25,1,0
BRDA:271,26,0,0
BRDA:271,26,1,0
BRDA:271,27,0,0
BRDA:271,27,1,0
BRDA:284,28,0,0
BRDA:284,28,1,0
BRDA:284,29,0,0
BRDA:284,29,1,0
BRDA:372,30,0,0
BRDA:372,30,1,0
BRDA:406,31,0,0
BRDA:406,31,1,0
BRF:69
BRH:0
end_of_record
TN:
SF:controllers\networkController.js
FN:7,(anonymous_0)
FN:41,(anonymous_1)
FN:53,(anonymous_2)
FN:54,(anonymous_3)
FN:64,(anonymous_4)
FN:73,(anonymous_5)
FN:78,(anonymous_6)
FN:89,(anonymous_7)
FN:98,(anonymous_8)
FN:126,(anonymous_9)
FN:128,(anonymous_10)
FN:145,(anonymous_11)
FN:176,(anonymous_12)
FN:183,(anonymous_13)
FN:187,(anonymous_14)
FN:196,(anonymous_15)
FN:217,(anonymous_16)
FN:224,(anonymous_17)
FN:228,(anonymous_18)
FNF:19
FNH:0
FNDA:0,(anonymous_0)
FNDA:0,(anonymous_1)
FNDA:0,(anonymous_2)
FNDA:0,(anonymous_3)
FNDA:0,(anonymous_4)
FNDA:0,(anonymous_5)
FNDA:0,(anonymous_6)
FNDA:0,(anonymous_7)
FNDA:0,(anonymous_8)
FNDA:0,(anonymous_9)
FNDA:0,(anonymous_10)
FNDA:0,(anonymous_11)
FNDA:0,(anonymous_12)
FNDA:0,(anonymous_13)
FNDA:0,(anonymous_14)
FNDA:0,(anonymous_15)
FNDA:0,(anonymous_16)
FNDA:0,(anonymous_17)
FNDA:0,(anonymous_18)
DA:5,1
DA:7,1
DA:8,0
DA:9,0
DA:10,0
DA:12,0
DA:13,0
DA:17,0
DA:18,0
DA:20,0
DA:22,0
DA:23,0
DA:27,0
DA:34,0
DA:36,0
DA:37,0
DA:41,1
DA:42,0
DA:43,0
DA:44,0
DA:47,0
DA:52,0
DA:53,0
DA:54,0
DA:56,0
DA:57,0
DA:59,0
DA:60,0
DA:64,1
DA:65,0
DA:66,0
DA:67,0
DA:69,0
DA:70,0
DA:72,0
DA:73,0
DA:74,0
DA:76,0
DA:78,0
DA:79,0
DA:80,0
DA:81,0
DA:82,0
DA:84,0
DA:87,0
DA:89,0
DA:91,0
DA:93,0
DA:94,0
DA:98,1
DA:99,0
DA:100,0
DA:101,0
DA:103,0
DA:104,0
DA:107,0
DA:108,0
DA:110,0
DA:111,0
DA:114,0
DA:115,0
DA:117,0
DA:124,0
DA:125,0
DA:126,0
DA:127,0
DA:128,0
DA:129,0
DA:132,0
DA:138,0
DA:140,0
DA:141,0
DA:145,1
DA:146,0
DA:147,0
DA:148,0
DA:150,0
DA:151,0
DA:154,0
DA:168,0
DA:169,0
DA:171,0
DA:172,0
DA:176,1
DA:177,0
DA:178,0
DA:179,0
DA:180,0
DA:182,0
DA:183,0
DA:184,0
DA:187,0
DA:189,0
DA:191,0
DA:192,0
DA:196,1
DA:197,0
DA:198,0
DA:199,0
DA:201,0
DA:209,0
DA:210,0
DA:212,0
DA:213,0
DA:217,1
DA:218,0
DA:219,0
DA:220,0
DA:221,0
DA:223,0
DA:224,0
DA:225,0
DA:228,0
DA:230,0
DA:232,0
DA:233,0
LF:116
LH:9
BRDA:12,0,0,0
BRDA:12,0,1,0
BRDA:17,1,0,0
BRDA:17,1,1,0
BRDA:20,2,0,0
BRDA:20,2,1,0
BRDA:37,3,0,0
BRDA:37,3,1,0
BRDA:60,4,0,0
BRDA:60,4,1,0
BRDA:80,5,0,0
BRDA:80,5,1,0
BRDA:81,6,0,0
BRDA:81,6,1,0
BRDA:81,7,0,0
BRDA:81,7,1,0
BRDA:94,8,0,0
BRDA:94,8,1,0
BRDA:103,9,0,0
BRDA:103,9,1,0
BRDA:103,10,0,0
BRDA:103,10,1,0
BRDA:110,11,0,0
BRDA:110,11,1,0
BRDA:115,12,0,0
BRDA:115,12,1,0
BRDA:120,13,0,0
BRDA:120,13,1,0
BRDA:126,14,0,0
BRDA:126,14,1,0
BRDA:128,15,0,0
BRDA:128,15,1,0
BRDA:141,16,0,0
BRDA:141,16,1,0
BRDA:150,17,0,0
BRDA:150,17,1,0
BRDA:150,18,0,0
BRDA:150,18,1,0
BRDA:156,19,0,0
BRDA:156,19,1,0
BRDA:158,20,0,0
BRDA:158,20,1,0
BRDA:159,21,0,0
BRDA:159,21,1,0
BRDA:172,22,0,0
BRDA:172,22,1,0
BRDA:192,23,0,0
BRDA:192,23,1,0
BRDA:213,24,0,0
BRDA:213,24,1,0
BRDA:233,25,0,0
BRDA:233,25,1,0
BRF:52
BRH:0
end_of_record
TN:
SF:models\communityModel.js
FN:5,createPost
FN:18,addComment
FN:37,toggleLike
FNF:3
FNH:0
FNDA:0,createPost
FNDA:0,addComment
FNDA:0,toggleLike
DA:1,1
DA:3,1
DA:6,0
DA:7,0
DA:14,0
DA:15,0
DA:19,0
DA:20,0
DA:25,0
DA:28,0
DA:29,0
DA:30,0
DA:31,0
DA:34,0
DA:38,0
DA:39,0
DA:41,0
DA:42,0
DA:43,0
DA:45,0
DA:46,0
DA:47,0
DA:49,0
DA:50,0
DA:53,0
DA:54,0
DA:57,1
LF:27
LH:3
BRDA:30,0,0,0
BRDA:30,0,1,0
BRDA:31,1,0,0
BRDA:31,1,1,0
BRDA:43,2,0,0
BRDA:43,2,1,0
BRDA:43,3,0,0
BRDA:43,3,1,0
BRDA:45,4,0,0
BRDA:45,4,1,0
BRF:10
BRH:0
end_of_record
TN:
SF:models\consultationModel.js
FN:5,createConsultationRequest
FNF:1
FNH:0
FNDA:0,createConsultationRequest
DA:1,1
DA:3,1
DA:6,0
DA:7,0
DA:13,0
DA:14,0
DA:17,1
LF:7
LH:3
BRF:0
BRH:0
end_of_record
TN:
SF:models\equipmentModel.js
FN:3,getEquipmentByFarmerId
FN:5,(anonymous_1)
FN:8,getEquipmentById
FN:13,createEquipment
FN:22,updateEquipment
FN:30,deleteEquipment
FNF:6
FNH:0
FNDA:0,getEquipmentByFarmerId
FNDA:0,(anonymous_1)
FNDA:0,getEquipmentById
FNDA:0,createEquipment
FNDA:0,updateEquipment
FNDA:0,deleteEquipment
DA:1,1
DA:4,0
DA:5,0
DA:9,0
DA:10,0
DA:14,0
DA:18,0
DA:19,0
DA:23,0
DA:27,0
DA:31,0
DA:32,0
DA:35,1
LF:13
LH:2
BRDA:10,0,0,0
BRDA:10,0,1,0
BRF:2
BRH:0
end_of_record
TN:
SF:models\expenseModel.js
FN:8,getExpensesByFarmer
FN:10,(anonymous_1)
FN:13,createExpense
FN:25,deleteExpense
FNF:4
FNH:0
FNDA:0,getExpensesByFarmer
FNDA:0,(anonymous_1)
FNDA:0,createExpense
FNDA:0,deleteExpense
DA:4,1
DA:6,1
DA:9,0
DA:10,0
DA:14,0
DA:15,0
DA:21,0
DA:22,0
DA:26,0
DA:27,0
DA:30,1
LF:11
LH:3
BRDA:18,0,0,0
BRDA:18,0,1,0
BRF:2
BRH:0
end_of_record
TN:
SF:models\farmerUpdateModel.js
FN:5,getUpdatesByFarmer
FN:7,(anonymous_1)
FN:10,createUpdate
FNF:3
FNH:0
FNDA:0,getUpdatesByFarmer
FNDA:0,(anonymous_1)
FNDA:0,createUpdate
DA:1,1
DA:3,1
DA:6,0
DA:7,0
DA:11,0
DA:12,0
DA:17,0
DA:18,0
DA:21,1
LF:9
LH:3
BRF:0
BRH:0
end_of_record
TN:
SF:models\incomeModel.js
FN:5,getIncomeByFarmer
FN:7,(anonymous_1)
FN:10,createIncome
FN:22,deleteIncome
FNF:4
FNH:0
FNDA:0,getIncomeByFarmer
FNDA:0,(anonymous_1)
FNDA:0,createIncome
FNDA:0,deleteIncome
DA:1,1
DA:3,1
DA:6,0
DA:7,0
DA:11,0
DA:12,0
DA:18,0
DA:19,0
DA:23,0
DA:24,0
DA:27,1
LF:11
LH:3
BRDA:15,0,0,0
BRDA:15,0,1,0
BRF:2
BRH:0
end_of_record
TN:
SF:models\inventoryModel.js
FN:3,getInventoryByFarmerId
FN:5,(anonymous_1)
FN:8,getInventoryById
FN:13,createInventory
FN:22,updateInventory
FN:30,deleteInventory
FNF:6
FNH:0
FNDA:0,getInventoryByFarmerId
FNDA:0,(anonymous_1)
FNDA:0,getInventoryById
FNDA:0,createInventory
FNDA:0,updateInventory
FNDA:0,deleteInventory
DA:1,1
DA:4,0
DA:5,0
DA:9,0
DA:10,0
DA:14,0
DA:18,0
DA:19,0
DA:23,0
DA:27,0
DA:31,0
DA:32,0
DA:35,1
LF:13
LH:2
BRDA:10,0,0,0
BRDA:10,0,1,0
BRF:2
BRH:0
end_of_record
TN:
SF:models\loanModel.js
FN:8,getLoansByFarmer
FN:10,(anonymous_1)
FN:13,createLoan
FN:25,updateLoan
FN:34,deleteLoan
FNF:5
FNH:0
FNDA:0,getLoansByFarmer
FNDA:0,(anonymous_1)
FNDA:0,createLoan
FNDA:0,updateLoan
FNDA:0,deleteLoan
DA:4,1
DA:6,1
DA:9,0
DA:10,0
DA:14,0
DA:15,0
DA:21,0
DA:22,0
DA:26,0
DA:30,0
DA:31,0
DA:35,0
DA:36,0
DA:39,1
LF:14
LH:3
BRDA:19,0,0,0
BRDA:19,0,1,0
BRF:2
BRH:0
end_of_record
TN:
SF:models\notificationModel.js
FN:5,createNotification
FN:17,markAsRead
FNF:2
FNH:0
FNDA:0,createNotification
FNDA:0,markAsRead
DA:1,1
DA:3,1
DA:6,0
DA:7,0
DA:13,0
DA:14,0
DA:18,0
DA:19,0
DA:22,1
LF:9
LH:3
BRF:0
BRH:0
end_of_record
TN:
SF:models\orderModel.js
FN:9,getOrdersByFarmer
FN:12,(anonymous_1)
FN:15,updateOrderStatus
FN:33,createOrder
FN:46,deleteOrder
FNF:5
FNH:0
FNDA:0,getOrdersByFarmer
FNDA:0,(anonymous_1)
FNDA:0,updateOrderStatus
FNDA:0,createOrder
FNDA:0,deleteOrder
DA:5,1
DA:7,1
DA:10,0
DA:11,0
DA:12,0
DA:16,0
DA:17,0
DA:19,0
DA:20,0
DA:22,0
DA:23,0
DA:26,0
DA:30,0
DA:34,0
DA:35,0
DA:42,0
DA:43,0
DA:47,0
DA:48,0
DA:51,1
LF:20
LH:3
BRDA:11,0,0,0
BRDA:11,0,1,0
BRDA:19,1,0,0
BRDA:19,1,1,0
BRDA:22,2,0,0
BRDA:22,2,1,0
BRDA:38,3,0,0
BRDA:38,3,1,0
BRF:8
BRH:0
end_of_record
TN:
SF:models\productModel.js
FN:13,createProduct
FN:41,getProductsByFarmer
FN:44,(anonymous_2)
FN:50,getProductById
FN:59,updateProduct
FN:70,deleteProduct
FNF:6
FNH:0
FNDA:0,createProduct
FNDA:0,getProductsByFarmer
FNDA:0,(anonymous_2)
FNDA:0,getProductById
FNDA:0,updateProduct
FNDA:0,deleteProduct
DA:6,1
DA:8,1
DA:14,0
DA:15,0
DA:16,0
DA:34,0
DA:35,0
DA:42,0
DA:43,0
DA:44,0
DA:51,0
DA:52,0
DA:53,0
DA:60,0
DA:61,0
DA:62,0
DA:63,0
DA:64,0
DA:71,0
DA:72,0
DA:75,1
LF:21
LH:3
BRDA:19,0,0,0
BRDA:19,0,1,0
BRDA:20,1,0,0
BRDA:20,1,1,0
BRDA:21,2,0,0
BRDA:21,2,1,0
BRDA:23,3,0,0
BRDA:23,3,1,0
BRDA:24,4,0,0
BRDA:24,4,1,0
BRDA:25,5,0,0
BRDA:25,5,1,0
BRDA:26,6,0,0
BRDA:26,6,1,0
BRDA:27,7,0,0
BRDA:27,7,1,0
BRDA:28,8,0,0
BRDA:28,8,1,0
BRDA:29,9,0,0
BRDA:29,9,1,0
BRDA:30,10,0,0
BRDA:30,10,1,0
BRDA:30,11,0,0
BRDA:30,11,1,0
BRDA:43,12,0,0
BRDA:43,12,1,0
BRDA:52,13,0,0
BRDA:52,13,1,0
BRF:28
BRH:0
end_of_record
TN:
SF:models\saleModel.js
FN:9,getSalesByFarmer
FN:12,(anonymous_1)
FN:15,createSale
FNF:3
FNH:0
FNDA:0,getSalesByFarmer
FNDA:0,(anonymous_1)
FNDA:0,createSale
DA:5,1
DA:7,1
DA:10,0
DA:11,0
DA:12,0
DA:16,0
DA:17,0
DA:18,0
DA:23,0
DA:24,0
DA:27,1
LF:11
LH:3
BRDA:11,0,0,0
BRDA:11,0,1,0
BRF:2
BRH:0
end_of_record
TN:
SF:models\subscriptionModel.js
FN:5,getSubscriptionsByFarmer
FN:7,(anonymous_1)
FNF:2
FNH:0
FNDA:0,getSubscriptionsByFarmer
FNDA:0,(anonymous_1)
DA:1,1
DA:3,1
DA:6,0
DA:7,0
DA:10,1
LF:5
LH:3
BRF:0
BRH:0
end_of_record
TN:
SF:models\userModel.js
FN:23,buildUserDocument
FN:60,createUser
FN:69,getUserById
FN:78,getUserByEmail
FN:92,updateUser
FN:101,updateLastLogin
FN:111,updateRoles
FN:113,(anonymous_7)
FN:123,userExists
FNF:9
FNH:0
FNDA:0,buildUserDocument
FNDA:0,createUser
FNDA:0,getUserById
FNDA:0,getUserByEmail
FNDA:0,updateUser
FNDA:0,updateLastLogin
FNDA:0,updateRoles
FNDA:0,(anonymous_7)
FNDA:0,userExists
DA:9,1
DA:11,1
DA:14,1
DA:17,1
DA:24,0
DA:26,0
DA:42,0
DA:43,0
DA:44,0
DA:48,0
DA:49,0
DA:50,0
DA:51,0
DA:54,0
DA:61,0
DA:62,0
DA:63,0
DA:70,0
DA:71,0
DA:72,0
DA:79,0
DA:84,0
DA:85,0
DA:86,0
DA:93,0
DA:94,0
DA:95,0
DA:102,0
DA:113,0
DA:114,0
DA:115,0
DA:117,0
DA:124,0
DA:125,0
DA:128,1
LF:35
LH:5
BRDA:28,0,0,0
BRDA:28,0,1,0
BRDA:29,1,0,0
BRDA:29,1,1,0
BRDA:30,2,0,0
BRDA:30,2,1,0
BRDA:31,3,0,0
BRDA:31,3,1,0
BRDA:32,4,0,0
BRDA:32,4,1,0
BRDA:34,5,0,0
BRDA:34,5,1,0
BRDA:38,6,0,0
BRDA:38,6,1,0
BRDA:42,7,0,0
BRDA:42,7,1,0
BRDA:42,8,0,0
BRDA:42,8,1,0
BRDA:43,9,0,0
BRDA:43,9,1,0
BRDA:44,10,0,0
BRDA:44,10,1,0
BRDA:48,11,0,0
BRDA:48,11,1,0
BRDA:49,12,0,0
BRDA:49,12,1,0
BRDA:50,13,0,0
BRDA:50,13,1,0
BRDA:51,14,0,0
BRDA:51,14,1,0
BRDA:71,15,0,0
BRDA:71,15,1,0
BRDA:84,16,0,0
BRDA:84,16,1,0
BRDA:114,17,0,0
BRDA:114,17,1,0
BRF:36
BRH:0
end_of_record
